[37m2023-11-09T14:16:14.565+0530[0;39m [34mINFO [0;39m [[36mtraceId: [0;39m] [[36msourceIp: [0;39m] [[36muserId: [0;39m] [[32mbackground-preinit[0;39m] [33mo.h.v.i.util.Version[0;39m::[35m?[0;39m: - HV000001: Hibernate Validator 6.2.5.Final
[37m2023-11-09T14:16:14.576+0530[0;39m [34mINFO [0;39m [[36mtraceId: [0;39m] [[36msourceIp: [0;39m] [[36muserId: [0;39m] [[32mrestartedMain[0;39m] [33mc.l.e.s.E.ElectronicStoreApplication[0;39m::[35m?[0;39m: - Starting ElectronicStoreApplication using Java 17.0.7 on ganu23 with PID 9220 (C:\Users\91917\OneDrive\Desktop\JavaDevelopement_08\IntellijWorkspace\ElectronicStore\target\classes started by 91917 in C:\Users\91917\OneDrive\Desktop\JavaDevelopement_08\IntellijWorkspace\ElectronicStore)
[37m2023-11-09T14:16:14.577+0530[0;39m [39mDEBUG[0;39m [[36mtraceId: [0;39m] [[36msourceIp: [0;39m] [[36muserId: [0;39m] [[32mrestartedMain[0;39m] [33mc.l.e.s.E.ElectronicStoreApplication[0;39m::[35m?[0;39m: - Running with Spring Boot v2.7.17, Spring v5.3.30
[37m2023-11-09T14:16:14.580+0530[0;39m [34mINFO [0;39m [[36mtraceId: [0;39m] [[36msourceIp: [0;39m] [[36muserId: [0;39m] [[32mrestartedMain[0;39m] [33mc.l.e.s.E.ElectronicStoreApplication[0;39m::[35m?[0;39m: - No active profile set, falling back to 1 default profile: "default"
[37m2023-11-09T14:16:14.654+0530[0;39m [34mINFO [0;39m [[36mtraceId: [0;39m] [[36msourceIp: [0;39m] [[36muserId: [0;39m] [[32mrestartedMain[0;39m] [33mo.s.b.d.e.DevToolsPropertyDefaultsPostProcessor[0;39m::[35m?[0;39m: - Devtools property defaults active! Set 'spring.devtools.add-properties' to 'false' to disable
[37m2023-11-09T14:16:14.655+0530[0;39m [34mINFO [0;39m [[36mtraceId: [0;39m] [[36msourceIp: [0;39m] [[36muserId: [0;39m] [[32mrestartedMain[0;39m] [33mo.s.b.d.e.DevToolsPropertyDefaultsPostProcessor[0;39m::[35m?[0;39m: - For additional web related logging consider setting the 'logging.level.web' property to 'DEBUG'
[37m2023-11-09T14:16:15.728+0530[0;39m [34mINFO [0;39m [[36mtraceId: [0;39m] [[36msourceIp: [0;39m] [[36muserId: [0;39m] [[32mrestartedMain[0;39m] [33mo.s.d.r.c.RepositoryConfigurationDelegate[0;39m::[35m?[0;39m: - Bootstrapping Spring Data JPA repositories in DEFAULT mode.
[37m2023-11-09T14:16:15.896+0530[0;39m [34mINFO [0;39m [[36mtraceId: [0;39m] [[36msourceIp: [0;39m] [[36muserId: [0;39m] [[32mrestartedMain[0;39m] [33mo.s.d.r.c.RepositoryConfigurationDelegate[0;39m::[35m?[0;39m: - Finished Spring Data repository scanning in 153 ms. Found 1 JPA repository interfaces.
[37m2023-11-09T14:16:17.206+0530[0;39m [34mINFO [0;39m [[36mtraceId: [0;39m] [[36msourceIp: [0;39m] [[36muserId: [0;39m] [[32mrestartedMain[0;39m] [33mo.s.b.w.e.t.TomcatWebServer[0;39m::[35m?[0;39m: - Tomcat initialized with port(s): 9090 (http)
[37m2023-11-09T14:16:17.218+0530[0;39m [34mINFO [0;39m [[36mtraceId: [0;39m] [[36msourceIp: [0;39m] [[36muserId: [0;39m] [[32mrestartedMain[0;39m] [33mo.a.c.h.Http11NioProtocol[0;39m::[35m?[0;39m: - Initializing ProtocolHandler ["http-nio-9090"]
[37m2023-11-09T14:16:17.224+0530[0;39m [34mINFO [0;39m [[36mtraceId: [0;39m] [[36msourceIp: [0;39m] [[36muserId: [0;39m] [[32mrestartedMain[0;39m] [33mo.a.c.c.StandardService[0;39m::[35m?[0;39m: - Starting service [Tomcat]
[37m2023-11-09T14:16:17.224+0530[0;39m [34mINFO [0;39m [[36mtraceId: [0;39m] [[36msourceIp: [0;39m] [[36muserId: [0;39m] [[32mrestartedMain[0;39m] [33mo.a.c.c.StandardEngine[0;39m::[35m?[0;39m: - Starting Servlet engine: [Apache Tomcat/9.0.82]
[37m2023-11-09T14:16:17.347+0530[0;39m [34mINFO [0;39m [[36mtraceId: [0;39m] [[36msourceIp: [0;39m] [[36muserId: [0;39m] [[32mrestartedMain[0;39m] [33mo.a.c.c.C.[.[.[/][0;39m::[35m?[0;39m: - Initializing Spring embedded WebApplicationContext
[37m2023-11-09T14:16:17.347+0530[0;39m [34mINFO [0;39m [[36mtraceId: [0;39m] [[36msourceIp: [0;39m] [[36muserId: [0;39m] [[32mrestartedMain[0;39m] [33mo.s.b.w.s.c.ServletWebServerApplicationContext[0;39m::[35m?[0;39m: - Root WebApplicationContext: initialization completed in 2691 ms
[37m2023-11-09T14:16:17.442+0530[0;39m [39mDEBUG[0;39m [[36mtraceId: [0;39m] [[36msourceIp: [0;39m] [[36muserId: [0;39m] [[32mrestartedMain[0;39m] [33mc.z.h.HikariConfig[0;39m::[35m?[0;39m: - Driver class com.mysql.cj.jdbc.Driver found in Thread context class loader org.springframework.boot.devtools.restart.classloader.RestartClassLoader@58f07734
[37m2023-11-09T14:16:17.604+0530[0;39m [34mINFO [0;39m [[36mtraceId: [0;39m] [[36msourceIp: [0;39m] [[36muserId: [0;39m] [[32mrestartedMain[0;39m] [33mo.h.j.i.u.LogHelper[0;39m::[35m?[0;39m: - HHH000204: Processing PersistenceUnitInfo [name: default]
[37m2023-11-09T14:16:17.697+0530[0;39m [34mINFO [0;39m [[36mtraceId: [0;39m] [[36msourceIp: [0;39m] [[36muserId: [0;39m] [[32mrestartedMain[0;39m] [33mo.hibernate.Version[0;39m::[35m?[0;39m: - HHH000412: Hibernate ORM core version 5.6.15.Final
[37m2023-11-09T14:16:17.941+0530[0;39m [34mINFO [0;39m [[36mtraceId: [0;39m] [[36msourceIp: [0;39m] [[36muserId: [0;39m] [[32mrestartedMain[0;39m] [33mo.h.a.common.Version[0;39m::[35m?[0;39m: - HCANN000001: Hibernate Commons Annotations {5.1.2.Final}
[37m2023-11-09T14:16:18.118+0530[0;39m [39mDEBUG[0;39m [[36mtraceId: [0;39m] [[36msourceIp: [0;39m] [[36muserId: [0;39m] [[32mrestartedMain[0;39m] [33mc.z.h.HikariConfig[0;39m::[35m?[0;39m: - HikariPool-1 - configuration:
[37m2023-11-09T14:16:18.120+0530[0;39m [39mDEBUG[0;39m [[36mtraceId: [0;39m] [[36msourceIp: [0;39m] [[36muserId: [0;39m] [[32mrestartedMain[0;39m] [33mc.z.h.HikariConfig[0;39m::[35m?[0;39m: - allowPoolSuspension................................false
[37m2023-11-09T14:16:18.120+0530[0;39m [39mDEBUG[0;39m [[36mtraceId: [0;39m] [[36msourceIp: [0;39m] [[36muserId: [0;39m] [[32mrestartedMain[0;39m] [33mc.z.h.HikariConfig[0;39m::[35m?[0;39m: - autoCommit................................true
[37m2023-11-09T14:16:18.120+0530[0;39m [39mDEBUG[0;39m [[36mtraceId: [0;39m] [[36msourceIp: [0;39m] [[36muserId: [0;39m] [[32mrestartedMain[0;39m] [33mc.z.h.HikariConfig[0;39m::[35m?[0;39m: - catalog................................none
[37m2023-11-09T14:16:18.120+0530[0;39m [39mDEBUG[0;39m [[36mtraceId: [0;39m] [[36msourceIp: [0;39m] [[36muserId: [0;39m] [[32mrestartedMain[0;39m] [33mc.z.h.HikariConfig[0;39m::[35m?[0;39m: - connectionInitSql................................none
[37m2023-11-09T14:16:18.121+0530[0;39m [39mDEBUG[0;39m [[36mtraceId: [0;39m] [[36msourceIp: [0;39m] [[36muserId: [0;39m] [[32mrestartedMain[0;39m] [33mc.z.h.HikariConfig[0;39m::[35m?[0;39m: - connectionTestQuery................................none
[37m2023-11-09T14:16:18.121+0530[0;39m [39mDEBUG[0;39m [[36mtraceId: [0;39m] [[36msourceIp: [0;39m] [[36muserId: [0;39m] [[32mrestartedMain[0;39m] [33mc.z.h.HikariConfig[0;39m::[35m?[0;39m: - connectionTimeout................................30000
[37m2023-11-09T14:16:18.121+0530[0;39m [39mDEBUG[0;39m [[36mtraceId: [0;39m] [[36msourceIp: [0;39m] [[36muserId: [0;39m] [[32mrestartedMain[0;39m] [33mc.z.h.HikariConfig[0;39m::[35m?[0;39m: - dataSource................................none
[37m2023-11-09T14:16:18.121+0530[0;39m [39mDEBUG[0;39m [[36mtraceId: [0;39m] [[36msourceIp: [0;39m] [[36muserId: [0;39m] [[32mrestartedMain[0;39m] [33mc.z.h.HikariConfig[0;39m::[35m?[0;39m: - dataSourceClassName................................none
[37m2023-11-09T14:16:18.121+0530[0;39m [39mDEBUG[0;39m [[36mtraceId: [0;39m] [[36msourceIp: [0;39m] [[36muserId: [0;39m] [[32mrestartedMain[0;39m] [33mc.z.h.HikariConfig[0;39m::[35m?[0;39m: - dataSourceJNDI................................none
[37m2023-11-09T14:16:18.122+0530[0;39m [39mDEBUG[0;39m [[36mtraceId: [0;39m] [[36msourceIp: [0;39m] [[36muserId: [0;39m] [[32mrestartedMain[0;39m] [33mc.z.h.HikariConfig[0;39m::[35m?[0;39m: - dataSourceProperties................................{password=<masked>}
[37m2023-11-09T14:16:18.122+0530[0;39m [39mDEBUG[0;39m [[36mtraceId: [0;39m] [[36msourceIp: [0;39m] [[36muserId: [0;39m] [[32mrestartedMain[0;39m] [33mc.z.h.HikariConfig[0;39m::[35m?[0;39m: - driverClassName................................"com.mysql.cj.jdbc.Driver"
[37m2023-11-09T14:16:18.122+0530[0;39m [39mDEBUG[0;39m [[36mtraceId: [0;39m] [[36msourceIp: [0;39m] [[36muserId: [0;39m] [[32mrestartedMain[0;39m] [33mc.z.h.HikariConfig[0;39m::[35m?[0;39m: - exceptionOverrideClassName................................none
[37m2023-11-09T14:16:18.122+0530[0;39m [39mDEBUG[0;39m [[36mtraceId: [0;39m] [[36msourceIp: [0;39m] [[36muserId: [0;39m] [[32mrestartedMain[0;39m] [33mc.z.h.HikariConfig[0;39m::[35m?[0;39m: - healthCheckProperties................................{}
[37m2023-11-09T14:16:18.122+0530[0;39m [39mDEBUG[0;39m [[36mtraceId: [0;39m] [[36msourceIp: [0;39m] [[36muserId: [0;39m] [[32mrestartedMain[0;39m] [33mc.z.h.HikariConfig[0;39m::[35m?[0;39m: - healthCheckRegistry................................none
[37m2023-11-09T14:16:18.122+0530[0;39m [39mDEBUG[0;39m [[36mtraceId: [0;39m] [[36msourceIp: [0;39m] [[36muserId: [0;39m] [[32mrestartedMain[0;39m] [33mc.z.h.HikariConfig[0;39m::[35m?[0;39m: - idleTimeout................................600000
[37m2023-11-09T14:16:18.122+0530[0;39m [39mDEBUG[0;39m [[36mtraceId: [0;39m] [[36msourceIp: [0;39m] [[36muserId: [0;39m] [[32mrestartedMain[0;39m] [33mc.z.h.HikariConfig[0;39m::[35m?[0;39m: - initializationFailTimeout................................1
[37m2023-11-09T14:16:18.122+0530[0;39m [39mDEBUG[0;39m [[36mtraceId: [0;39m] [[36msourceIp: [0;39m] [[36muserId: [0;39m] [[32mrestartedMain[0;39m] [33mc.z.h.HikariConfig[0;39m::[35m?[0;39m: - isolateInternalQueries................................false
[37m2023-11-09T14:16:18.122+0530[0;39m [39mDEBUG[0;39m [[36mtraceId: [0;39m] [[36msourceIp: [0;39m] [[36muserId: [0;39m] [[32mrestartedMain[0;39m] [33mc.z.h.HikariConfig[0;39m::[35m?[0;39m: - jdbcUrl................................jdbc:mysql://localhost:3306/electronic_store
[37m2023-11-09T14:16:18.122+0530[0;39m [39mDEBUG[0;39m [[36mtraceId: [0;39m] [[36msourceIp: [0;39m] [[36muserId: [0;39m] [[32mrestartedMain[0;39m] [33mc.z.h.HikariConfig[0;39m::[35m?[0;39m: - keepaliveTime................................0
[37m2023-11-09T14:16:18.123+0530[0;39m [39mDEBUG[0;39m [[36mtraceId: [0;39m] [[36msourceIp: [0;39m] [[36muserId: [0;39m] [[32mrestartedMain[0;39m] [33mc.z.h.HikariConfig[0;39m::[35m?[0;39m: - leakDetectionThreshold................................0
[37m2023-11-09T14:16:18.123+0530[0;39m [39mDEBUG[0;39m [[36mtraceId: [0;39m] [[36msourceIp: [0;39m] [[36muserId: [0;39m] [[32mrestartedMain[0;39m] [33mc.z.h.HikariConfig[0;39m::[35m?[0;39m: - maxLifetime................................1800000
[37m2023-11-09T14:16:18.123+0530[0;39m [39mDEBUG[0;39m [[36mtraceId: [0;39m] [[36msourceIp: [0;39m] [[36muserId: [0;39m] [[32mrestartedMain[0;39m] [33mc.z.h.HikariConfig[0;39m::[35m?[0;39m: - maximumPoolSize................................10
[37m2023-11-09T14:16:18.123+0530[0;39m [39mDEBUG[0;39m [[36mtraceId: [0;39m] [[36msourceIp: [0;39m] [[36muserId: [0;39m] [[32mrestartedMain[0;39m] [33mc.z.h.HikariConfig[0;39m::[35m?[0;39m: - metricRegistry................................none
[37m2023-11-09T14:16:18.123+0530[0;39m [39mDEBUG[0;39m [[36mtraceId: [0;39m] [[36msourceIp: [0;39m] [[36muserId: [0;39m] [[32mrestartedMain[0;39m] [33mc.z.h.HikariConfig[0;39m::[35m?[0;39m: - metricsTrackerFactory................................none
[37m2023-11-09T14:16:18.123+0530[0;39m [39mDEBUG[0;39m [[36mtraceId: [0;39m] [[36msourceIp: [0;39m] [[36muserId: [0;39m] [[32mrestartedMain[0;39m] [33mc.z.h.HikariConfig[0;39m::[35m?[0;39m: - minimumIdle................................10
[37m2023-11-09T14:16:18.123+0530[0;39m [39mDEBUG[0;39m [[36mtraceId: [0;39m] [[36msourceIp: [0;39m] [[36muserId: [0;39m] [[32mrestartedMain[0;39m] [33mc.z.h.HikariConfig[0;39m::[35m?[0;39m: - password................................<masked>
[37m2023-11-09T14:16:18.123+0530[0;39m [39mDEBUG[0;39m [[36mtraceId: [0;39m] [[36msourceIp: [0;39m] [[36muserId: [0;39m] [[32mrestartedMain[0;39m] [33mc.z.h.HikariConfig[0;39m::[35m?[0;39m: - poolName................................"HikariPool-1"
[37m2023-11-09T14:16:18.123+0530[0;39m [39mDEBUG[0;39m [[36mtraceId: [0;39m] [[36msourceIp: [0;39m] [[36muserId: [0;39m] [[32mrestartedMain[0;39m] [33mc.z.h.HikariConfig[0;39m::[35m?[0;39m: - readOnly................................false
[37m2023-11-09T14:16:18.123+0530[0;39m [39mDEBUG[0;39m [[36mtraceId: [0;39m] [[36msourceIp: [0;39m] [[36muserId: [0;39m] [[32mrestartedMain[0;39m] [33mc.z.h.HikariConfig[0;39m::[35m?[0;39m: - registerMbeans................................false
[37m2023-11-09T14:16:18.123+0530[0;39m [39mDEBUG[0;39m [[36mtraceId: [0;39m] [[36msourceIp: [0;39m] [[36muserId: [0;39m] [[32mrestartedMain[0;39m] [33mc.z.h.HikariConfig[0;39m::[35m?[0;39m: - scheduledExecutor................................none
[37m2023-11-09T14:16:18.123+0530[0;39m [39mDEBUG[0;39m [[36mtraceId: [0;39m] [[36msourceIp: [0;39m] [[36muserId: [0;39m] [[32mrestartedMain[0;39m] [33mc.z.h.HikariConfig[0;39m::[35m?[0;39m: - schema................................none
[37m2023-11-09T14:16:18.123+0530[0;39m [39mDEBUG[0;39m [[36mtraceId: [0;39m] [[36msourceIp: [0;39m] [[36muserId: [0;39m] [[32mrestartedMain[0;39m] [33mc.z.h.HikariConfig[0;39m::[35m?[0;39m: - threadFactory................................internal
[37m2023-11-09T14:16:18.123+0530[0;39m [39mDEBUG[0;39m [[36mtraceId: [0;39m] [[36msourceIp: [0;39m] [[36muserId: [0;39m] [[32mrestartedMain[0;39m] [33mc.z.h.HikariConfig[0;39m::[35m?[0;39m: - transactionIsolation................................default
[37m2023-11-09T14:16:18.123+0530[0;39m [39mDEBUG[0;39m [[36mtraceId: [0;39m] [[36msourceIp: [0;39m] [[36muserId: [0;39m] [[32mrestartedMain[0;39m] [33mc.z.h.HikariConfig[0;39m::[35m?[0;39m: - username................................"root"
[37m2023-11-09T14:16:18.123+0530[0;39m [39mDEBUG[0;39m [[36mtraceId: [0;39m] [[36msourceIp: [0;39m] [[36muserId: [0;39m] [[32mrestartedMain[0;39m] [33mc.z.h.HikariConfig[0;39m::[35m?[0;39m: - validationTimeout................................5000
[37m2023-11-09T14:16:18.123+0530[0;39m [34mINFO [0;39m [[36mtraceId: [0;39m] [[36msourceIp: [0;39m] [[36muserId: [0;39m] [[32mrestartedMain[0;39m] [33mc.z.h.HikariDataSource[0;39m::[35m?[0;39m: - HikariPool-1 - Starting...
[37m2023-11-09T14:16:18.685+0530[0;39m [39mDEBUG[0;39m [[36mtraceId: [0;39m] [[36msourceIp: [0;39m] [[36muserId: [0;39m] [[32mrestartedMain[0;39m] [33mc.z.h.p.HikariPool[0;39m::[35m?[0;39m: - HikariPool-1 - Added connection com.mysql.cj.jdbc.ConnectionImpl@53e7666e
[37m2023-11-09T14:16:18.688+0530[0;39m [34mINFO [0;39m [[36mtraceId: [0;39m] [[36msourceIp: [0;39m] [[36muserId: [0;39m] [[32mrestartedMain[0;39m] [33mc.z.h.HikariDataSource[0;39m::[35m?[0;39m: - HikariPool-1 - Start completed.
[37m2023-11-09T14:16:18.712+0530[0;39m [34mINFO [0;39m [[36mtraceId: [0;39m] [[36msourceIp: [0;39m] [[36muserId: [0;39m] [[32mrestartedMain[0;39m] [33mo.h.dialect.Dialect[0;39m::[35m?[0;39m: - HHH000400: Using dialect: org.hibernate.dialect.MySQL8Dialect
[37m2023-11-09T14:16:18.797+0530[0;39m [39mDEBUG[0;39m [[36mtraceId: [0;39m] [[36msourceIp: [0;39m] [[36muserId: [0;39m] [[32mHikariPool-1 housekeeper[0;39m] [33mc.z.h.p.HikariPool[0;39m::[35m?[0;39m: - HikariPool-1 - Pool stats (total=1, active=0, idle=1, waiting=0)
[37m2023-11-09T14:16:18.829+0530[0;39m [39mDEBUG[0;39m [[36mtraceId: [0;39m] [[36msourceIp: [0;39m] [[36muserId: [0;39m] [[32mHikariPool-1 connection adder[0;39m] [33mc.z.h.p.HikariPool[0;39m::[35m?[0;39m: - HikariPool-1 - Added connection com.mysql.cj.jdbc.ConnectionImpl@3548533d
[37m2023-11-09T14:16:18.852+0530[0;39m [39mDEBUG[0;39m [[36mtraceId: [0;39m] [[36msourceIp: [0;39m] [[36muserId: [0;39m] [[32mHikariPool-1 connection adder[0;39m] [33mc.z.h.p.HikariPool[0;39m::[35m?[0;39m: - HikariPool-1 - Added connection com.mysql.cj.jdbc.ConnectionImpl@5567ac72
[37m2023-11-09T14:16:18.873+0530[0;39m [39mDEBUG[0;39m [[36mtraceId: [0;39m] [[36msourceIp: [0;39m] [[36muserId: [0;39m] [[32mHikariPool-1 connection adder[0;39m] [33mc.z.h.p.HikariPool[0;39m::[35m?[0;39m: - HikariPool-1 - Added connection com.mysql.cj.jdbc.ConnectionImpl@153dde6b
[37m2023-11-09T14:16:18.952+0530[0;39m [39mDEBUG[0;39m [[36mtraceId: [0;39m] [[36msourceIp: [0;39m] [[36muserId: [0;39m] [[32mHikariPool-1 connection adder[0;39m] [33mc.z.h.p.HikariPool[0;39m::[35m?[0;39m: - HikariPool-1 - Added connection com.mysql.cj.jdbc.ConnectionImpl@512915a4
[37m2023-11-09T14:16:18.986+0530[0;39m [39mDEBUG[0;39m [[36mtraceId: [0;39m] [[36msourceIp: [0;39m] [[36muserId: [0;39m] [[32mHikariPool-1 connection adder[0;39m] [33mc.z.h.p.HikariPool[0;39m::[35m?[0;39m: - HikariPool-1 - Added connection com.mysql.cj.jdbc.ConnectionImpl@6e84957a
[37m2023-11-09T14:16:19.025+0530[0;39m [39mDEBUG[0;39m [[36mtraceId: [0;39m] [[36msourceIp: [0;39m] [[36muserId: [0;39m] [[32mHikariPool-1 connection adder[0;39m] [33mc.z.h.p.HikariPool[0;39m::[35m?[0;39m: - HikariPool-1 - Added connection com.mysql.cj.jdbc.ConnectionImpl@679a8f83
[37m2023-11-09T14:16:19.047+0530[0;39m [39mDEBUG[0;39m [[36mtraceId: [0;39m] [[36msourceIp: [0;39m] [[36muserId: [0;39m] [[32mHikariPool-1 connection adder[0;39m] [33mc.z.h.p.HikariPool[0;39m::[35m?[0;39m: - HikariPool-1 - Added connection com.mysql.cj.jdbc.ConnectionImpl@362ce920
[37m2023-11-09T14:16:19.074+0530[0;39m [39mDEBUG[0;39m [[36mtraceId: [0;39m] [[36msourceIp: [0;39m] [[36muserId: [0;39m] [[32mHikariPool-1 connection adder[0;39m] [33mc.z.h.p.HikariPool[0;39m::[35m?[0;39m: - HikariPool-1 - Added connection com.mysql.cj.jdbc.ConnectionImpl@423738ae
[37m2023-11-09T14:16:19.112+0530[0;39m [39mDEBUG[0;39m [[36mtraceId: [0;39m] [[36msourceIp: [0;39m] [[36muserId: [0;39m] [[32mHikariPool-1 connection adder[0;39m] [33mc.z.h.p.HikariPool[0;39m::[35m?[0;39m: - HikariPool-1 - Added connection com.mysql.cj.jdbc.ConnectionImpl@239e23de
[37m2023-11-09T14:16:19.112+0530[0;39m [39mDEBUG[0;39m [[36mtraceId: [0;39m] [[36msourceIp: [0;39m] [[36muserId: [0;39m] [[32mHikariPool-1 connection adder[0;39m] [33mc.z.h.p.HikariPool[0;39m::[35m?[0;39m: - HikariPool-1 - After adding stats (total=10, active=0, idle=10, waiting=0)
[37m2023-11-09T14:16:19.736+0530[0;39m [34mINFO [0;39m [[36mtraceId: [0;39m] [[36msourceIp: [0;39m] [[36muserId: [0;39m] [[32mrestartedMain[0;39m] [33mo.h.e.t.j.p.i.JtaPlatformInitiator[0;39m::[35m?[0;39m: - HHH000490: Using JtaPlatform implementation: [org.hibernate.engine.transaction.jta.platform.internal.NoJtaPlatform]
[37m2023-11-09T14:16:19.746+0530[0;39m [34mINFO [0;39m [[36mtraceId: [0;39m] [[36msourceIp: [0;39m] [[36muserId: [0;39m] [[32mrestartedMain[0;39m] [33mo.s.o.j.LocalContainerEntityManagerFactoryBean[0;39m::[35m?[0;39m: - Initialized JPA EntityManagerFactory for persistence unit 'default'
[37m2023-11-09T14:16:20.294+0530[0;39m [31mWARN [0;39m [[36mtraceId: [0;39m] [[36msourceIp: [0;39m] [[36muserId: [0;39m] [[32mrestartedMain[0;39m] [33mo.s.b.a.o.j.JpaBaseConfiguration$JpaWebConfiguration[0;39m::[35m?[0;39m: - spring.jpa.open-in-view is enabled by default. Therefore, database queries may be performed during view rendering. Explicitly configure spring.jpa.open-in-view to disable this warning
[37m2023-11-09T14:16:20.744+0530[0;39m [34mINFO [0;39m [[36mtraceId: [0;39m] [[36msourceIp: [0;39m] [[36muserId: [0;39m] [[32mrestartedMain[0;39m] [33mo.s.b.d.a.OptionalLiveReloadServer[0;39m::[35m?[0;39m: - LiveReload server is running on port 35729
[37m2023-11-09T14:16:20.758+0530[0;39m [34mINFO [0;39m [[36mtraceId: [0;39m] [[36msourceIp: [0;39m] [[36muserId: [0;39m] [[32mrestartedMain[0;39m] [33mo.a.c.h.Http11NioProtocol[0;39m::[35m?[0;39m: - Starting ProtocolHandler ["http-nio-9090"]
[37m2023-11-09T14:16:20.784+0530[0;39m [34mINFO [0;39m [[36mtraceId: [0;39m] [[36msourceIp: [0;39m] [[36muserId: [0;39m] [[32mrestartedMain[0;39m] [33mo.s.b.w.e.t.TomcatWebServer[0;39m::[35m?[0;39m: - Tomcat started on port(s): 9090 (http) with context path ''
[37m2023-11-09T14:16:20.800+0530[0;39m [34mINFO [0;39m [[36mtraceId: [0;39m] [[36msourceIp: [0;39m] [[36muserId: [0;39m] [[32mrestartedMain[0;39m] [33mc.l.e.s.E.ElectronicStoreApplication[0;39m::[35m?[0;39m: - Started ElectronicStoreApplication in 6.722 seconds (JVM running for 7.602)
[37m2023-11-09T14:16:48.814+0530[0;39m [39mDEBUG[0;39m [[36mtraceId: [0;39m] [[36msourceIp: [0;39m] [[36muserId: [0;39m] [[32mHikariPool-1 housekeeper[0;39m] [33mc.z.h.p.HikariPool[0;39m::[35m?[0;39m: - HikariPool-1 - Pool stats (total=10, active=0, idle=10, waiting=0)
[37m2023-11-09T14:16:48.817+0530[0;39m [39mDEBUG[0;39m [[36mtraceId: [0;39m] [[36msourceIp: [0;39m] [[36muserId: [0;39m] [[32mHikariPool-1 housekeeper[0;39m] [33mc.z.h.p.HikariPool[0;39m::[35m?[0;39m: - HikariPool-1 - Fill pool skipped, pool is at sufficient level.
[37m2023-11-09T14:17:18.825+0530[0;39m [39mDEBUG[0;39m [[36mtraceId: [0;39m] [[36msourceIp: [0;39m] [[36muserId: [0;39m] [[32mHikariPool-1 housekeeper[0;39m] [33mc.z.h.p.HikariPool[0;39m::[35m?[0;39m: - HikariPool-1 - Pool stats (total=10, active=0, idle=10, waiting=0)
[37m2023-11-09T14:17:18.825+0530[0;39m [39mDEBUG[0;39m [[36mtraceId: [0;39m] [[36msourceIp: [0;39m] [[36muserId: [0;39m] [[32mHikariPool-1 housekeeper[0;39m] [33mc.z.h.p.HikariPool[0;39m::[35m?[0;39m: - HikariPool-1 - Fill pool skipped, pool is at sufficient level.
[37m2023-11-09T14:17:48.833+0530[0;39m [39mDEBUG[0;39m [[36mtraceId: [0;39m] [[36msourceIp: [0;39m] [[36muserId: [0;39m] [[32mHikariPool-1 housekeeper[0;39m] [33mc.z.h.p.HikariPool[0;39m::[35m?[0;39m: - HikariPool-1 - Pool stats (total=10, active=0, idle=10, waiting=0)
[37m2023-11-09T14:17:48.833+0530[0;39m [39mDEBUG[0;39m [[36mtraceId: [0;39m] [[36msourceIp: [0;39m] [[36muserId: [0;39m] [[32mHikariPool-1 housekeeper[0;39m] [33mc.z.h.p.HikariPool[0;39m::[35m?[0;39m: - HikariPool-1 - Fill pool skipped, pool is at sufficient level.
[37m2023-11-09T14:18:18.835+0530[0;39m [39mDEBUG[0;39m [[36mtraceId: [0;39m] [[36msourceIp: [0;39m] [[36muserId: [0;39m] [[32mHikariPool-1 housekeeper[0;39m] [33mc.z.h.p.HikariPool[0;39m::[35m?[0;39m: - HikariPool-1 - Pool stats (total=10, active=0, idle=10, waiting=0)
[37m2023-11-09T14:18:18.836+0530[0;39m [39mDEBUG[0;39m [[36mtraceId: [0;39m] [[36msourceIp: [0;39m] [[36muserId: [0;39m] [[32mHikariPool-1 housekeeper[0;39m] [33mc.z.h.p.HikariPool[0;39m::[35m?[0;39m: - HikariPool-1 - Fill pool skipped, pool is at sufficient level.
[37m2023-11-09T14:18:40.754+0530[0;39m [34mINFO [0;39m [[36mtraceId: [0;39m] [[36msourceIp: [0;39m] [[36muserId: [0;39m] [[32mSpringApplicationShutdownHook[0;39m] [33mo.s.o.j.LocalContainerEntityManagerFactoryBean[0;39m::[35m?[0;39m: - Closing JPA EntityManagerFactory for persistence unit 'default'
[37m2023-11-09T14:18:40.757+0530[0;39m [34mINFO [0;39m [[36mtraceId: [0;39m] [[36msourceIp: [0;39m] [[36muserId: [0;39m] [[32mSpringApplicationShutdownHook[0;39m] [33mc.z.h.HikariDataSource[0;39m::[35m?[0;39m: - HikariPool-1 - Shutdown initiated...
[37m2023-11-09T14:18:40.757+0530[0;39m [39mDEBUG[0;39m [[36mtraceId: [0;39m] [[36msourceIp: [0;39m] [[36muserId: [0;39m] [[32mSpringApplicationShutdownHook[0;39m] [33mc.z.h.p.HikariPool[0;39m::[35m?[0;39m: - HikariPool-1 - Before shutdown stats (total=10, active=0, idle=10, waiting=0)
[37m2023-11-09T14:18:40.759+0530[0;39m [39mDEBUG[0;39m [[36mtraceId: [0;39m] [[36msourceIp: [0;39m] [[36muserId: [0;39m] [[32mHikariPool-1 connection closer[0;39m] [33mc.z.h.pool.PoolBase[0;39m::[35m?[0;39m: - HikariPool-1 - Closing connection com.mysql.cj.jdbc.ConnectionImpl@53e7666e: (connection evicted)
[37m2023-11-09T14:18:40.765+0530[0;39m [39mDEBUG[0;39m [[36mtraceId: [0;39m] [[36msourceIp: [0;39m] [[36muserId: [0;39m] [[32mHikariPool-1 connection closer[0;39m] [33mc.z.h.pool.PoolBase[0;39m::[35m?[0;39m: - HikariPool-1 - Closing connection com.mysql.cj.jdbc.ConnectionImpl@3548533d: (connection evicted)
[37m2023-11-09T14:18:40.767+0530[0;39m [39mDEBUG[0;39m [[36mtraceId: [0;39m] [[36msourceIp: [0;39m] [[36muserId: [0;39m] [[32mHikariPool-1 connection closer[0;39m] [33mc.z.h.pool.PoolBase[0;39m::[35m?[0;39m: - HikariPool-1 - Closing connection com.mysql.cj.jdbc.ConnectionImpl@5567ac72: (connection evicted)
[37m2023-11-09T14:18:40.768+0530[0;39m [39mDEBUG[0;39m [[36mtraceId: [0;39m] [[36msourceIp: [0;39m] [[36muserId: [0;39m] [[32mHikariPool-1 connection closer[0;39m] [33mc.z.h.pool.PoolBase[0;39m::[35m?[0;39m: - HikariPool-1 - Closing connection com.mysql.cj.jdbc.ConnectionImpl@153dde6b: (connection evicted)
[37m2023-11-09T14:18:40.769+0530[0;39m [39mDEBUG[0;39m [[36mtraceId: [0;39m] [[36msourceIp: [0;39m] [[36muserId: [0;39m] [[32mHikariPool-1 connection closer[0;39m] [33mc.z.h.pool.PoolBase[0;39m::[35m?[0;39m: - HikariPool-1 - Closing connection com.mysql.cj.jdbc.ConnectionImpl@512915a4: (connection evicted)
[37m2023-11-09T14:18:40.773+0530[0;39m [39mDEBUG[0;39m [[36mtraceId: [0;39m] [[36msourceIp: [0;39m] [[36muserId: [0;39m] [[32mHikariPool-1 connection closer[0;39m] [33mc.z.h.pool.PoolBase[0;39m::[35m?[0;39m: - HikariPool-1 - Closing connection com.mysql.cj.jdbc.ConnectionImpl@6e84957a: (connection evicted)
[37m2023-11-09T14:18:40.774+0530[0;39m [39mDEBUG[0;39m [[36mtraceId: [0;39m] [[36msourceIp: [0;39m] [[36muserId: [0;39m] [[32mHikariPool-1 connection closer[0;39m] [33mc.z.h.pool.PoolBase[0;39m::[35m?[0;39m: - HikariPool-1 - Closing connection com.mysql.cj.jdbc.ConnectionImpl@679a8f83: (connection evicted)
[37m2023-11-09T14:18:40.775+0530[0;39m [39mDEBUG[0;39m [[36mtraceId: [0;39m] [[36msourceIp: [0;39m] [[36muserId: [0;39m] [[32mHikariPool-1 connection closer[0;39m] [33mc.z.h.pool.PoolBase[0;39m::[35m?[0;39m: - HikariPool-1 - Closing connection com.mysql.cj.jdbc.ConnectionImpl@362ce920: (connection evicted)
[37m2023-11-09T14:18:40.777+0530[0;39m [39mDEBUG[0;39m [[36mtraceId: [0;39m] [[36msourceIp: [0;39m] [[36muserId: [0;39m] [[32mHikariPool-1 connection closer[0;39m] [33mc.z.h.pool.PoolBase[0;39m::[35m?[0;39m: - HikariPool-1 - Closing connection com.mysql.cj.jdbc.ConnectionImpl@423738ae: (connection evicted)
[37m2023-11-09T14:18:40.779+0530[0;39m [39mDEBUG[0;39m [[36mtraceId: [0;39m] [[36msourceIp: [0;39m] [[36muserId: [0;39m] [[32mHikariPool-1 connection closer[0;39m] [33mc.z.h.pool.PoolBase[0;39m::[35m?[0;39m: - HikariPool-1 - Closing connection com.mysql.cj.jdbc.ConnectionImpl@239e23de: (connection evicted)
[37m2023-11-09T14:18:40.781+0530[0;39m [39mDEBUG[0;39m [[36mtraceId: [0;39m] [[36msourceIp: [0;39m] [[36muserId: [0;39m] [[32mSpringApplicationShutdownHook[0;39m] [33mc.z.h.p.HikariPool[0;39m::[35m?[0;39m: - HikariPool-1 - After shutdown stats (total=0, active=0, idle=0, waiting=0)
[37m2023-11-09T14:18:40.781+0530[0;39m [34mINFO [0;39m [[36mtraceId: [0;39m] [[36msourceIp: [0;39m] [[36muserId: [0;39m] [[32mSpringApplicationShutdownHook[0;39m] [33mc.z.h.HikariDataSource[0;39m::[35m?[0;39m: - HikariPool-1 - Shutdown completed.
[37m2023-11-11T09:30:49.849+0530[0;39m [34mINFO [0;39m [[36mtraceId: [0;39m] [[36msourceIp: [0;39m] [[36muserId: [0;39m] [[32mrestartedMain[0;39m] [33mc.l.e.s.E.ElectronicStoreApplication[0;39m::[35m?[0;39m: - Starting ElectronicStoreApplication using Java 17.0.4.1 on LENOVO with PID 8384 (D:\prashantBhagat\JavaDevelopement_08\JavaDevelopement_08\IntellijWorkspace\ElectronicStore\target\classes started by prash in D:\prashantBhagat\JavaDevelopement_08\JavaDevelopement_08\IntellijWorkspace\ElectronicStore)
[37m2023-11-11T09:30:49.851+0530[0;39m [39mDEBUG[0;39m [[36mtraceId: [0;39m] [[36msourceIp: [0;39m] [[36muserId: [0;39m] [[32mrestartedMain[0;39m] [33mc.l.e.s.E.ElectronicStoreApplication[0;39m::[35m?[0;39m: - Running with Spring Boot v2.7.17, Spring v5.3.30
[37m2023-11-11T09:30:49.852+0530[0;39m [34mINFO [0;39m [[36mtraceId: [0;39m] [[36msourceIp: [0;39m] [[36muserId: [0;39m] [[32mrestartedMain[0;39m] [33mc.l.e.s.E.ElectronicStoreApplication[0;39m::[35m?[0;39m: - No active profile set, falling back to 1 default profile: "default"
[37m2023-11-11T09:30:49.853+0530[0;39m [34mINFO [0;39m [[36mtraceId: [0;39m] [[36msourceIp: [0;39m] [[36muserId: [0;39m] [[32mbackground-preinit[0;39m] [33mo.h.v.i.util.Version[0;39m::[35m?[0;39m: - HV000001: Hibernate Validator 6.2.5.Final
[37m2023-11-11T09:30:49.934+0530[0;39m [34mINFO [0;39m [[36mtraceId: [0;39m] [[36msourceIp: [0;39m] [[36muserId: [0;39m] [[32mrestartedMain[0;39m] [33mo.s.b.d.e.DevToolsPropertyDefaultsPostProcessor[0;39m::[35m?[0;39m: - Devtools property defaults active! Set 'spring.devtools.add-properties' to 'false' to disable
[37m2023-11-11T09:30:49.934+0530[0;39m [34mINFO [0;39m [[36mtraceId: [0;39m] [[36msourceIp: [0;39m] [[36muserId: [0;39m] [[32mrestartedMain[0;39m] [33mo.s.b.d.e.DevToolsPropertyDefaultsPostProcessor[0;39m::[35m?[0;39m: - For additional web related logging consider setting the 'logging.level.web' property to 'DEBUG'
[37m2023-11-11T09:30:51.130+0530[0;39m [34mINFO [0;39m [[36mtraceId: [0;39m] [[36msourceIp: [0;39m] [[36muserId: [0;39m] [[32mrestartedMain[0;39m] [33mo.s.d.r.c.RepositoryConfigurationDelegate[0;39m::[35m?[0;39m: - Bootstrapping Spring Data JPA repositories in DEFAULT mode.
[37m2023-11-11T09:30:51.212+0530[0;39m [34mINFO [0;39m [[36mtraceId: [0;39m] [[36msourceIp: [0;39m] [[36muserId: [0;39m] [[32mrestartedMain[0;39m] [33mo.s.d.r.c.RepositoryConfigurationDelegate[0;39m::[35m?[0;39m: - Finished Spring Data repository scanning in 67 ms. Found 1 JPA repository interfaces.
[37m2023-11-11T09:30:52.473+0530[0;39m [34mINFO [0;39m [[36mtraceId: [0;39m] [[36msourceIp: [0;39m] [[36muserId: [0;39m] [[32mrestartedMain[0;39m] [33mo.s.b.w.e.t.TomcatWebServer[0;39m::[35m?[0;39m: - Tomcat initialized with port(s): 9090 (http)
[37m2023-11-11T09:30:52.499+0530[0;39m [34mINFO [0;39m [[36mtraceId: [0;39m] [[36msourceIp: [0;39m] [[36muserId: [0;39m] [[32mrestartedMain[0;39m] [33mo.a.c.h.Http11NioProtocol[0;39m::[35m?[0;39m: - Initializing ProtocolHandler ["http-nio-9090"]
[37m2023-11-11T09:30:52.504+0530[0;39m [34mINFO [0;39m [[36mtraceId: [0;39m] [[36msourceIp: [0;39m] [[36muserId: [0;39m] [[32mrestartedMain[0;39m] [33mo.a.c.c.StandardService[0;39m::[35m?[0;39m: - Starting service [Tomcat]
[37m2023-11-11T09:30:52.505+0530[0;39m [34mINFO [0;39m [[36mtraceId: [0;39m] [[36msourceIp: [0;39m] [[36muserId: [0;39m] [[32mrestartedMain[0;39m] [33mo.a.c.c.StandardEngine[0;39m::[35m?[0;39m: - Starting Servlet engine: [Apache Tomcat/9.0.82]
[37m2023-11-11T09:30:52.723+0530[0;39m [34mINFO [0;39m [[36mtraceId: [0;39m] [[36msourceIp: [0;39m] [[36muserId: [0;39m] [[32mrestartedMain[0;39m] [33mo.a.c.c.C.[.[.[/][0;39m::[35m?[0;39m: - Initializing Spring embedded WebApplicationContext
[37m2023-11-11T09:30:52.723+0530[0;39m [34mINFO [0;39m [[36mtraceId: [0;39m] [[36msourceIp: [0;39m] [[36muserId: [0;39m] [[32mrestartedMain[0;39m] [33mo.s.b.w.s.c.ServletWebServerApplicationContext[0;39m::[35m?[0;39m: - Root WebApplicationContext: initialization completed in 2789 ms
[37m2023-11-11T09:30:52.874+0530[0;39m [39mDEBUG[0;39m [[36mtraceId: [0;39m] [[36msourceIp: [0;39m] [[36muserId: [0;39m] [[32mrestartedMain[0;39m] [33mc.z.h.HikariConfig[0;39m::[35m?[0;39m: - Driver class com.mysql.cj.jdbc.Driver found in Thread context class loader org.springframework.boot.devtools.restart.classloader.RestartClassLoader@76384307
[37m2023-11-11T09:30:53.058+0530[0;39m [34mINFO [0;39m [[36mtraceId: [0;39m] [[36msourceIp: [0;39m] [[36muserId: [0;39m] [[32mrestartedMain[0;39m] [33mo.h.j.i.u.LogHelper[0;39m::[35m?[0;39m: - HHH000204: Processing PersistenceUnitInfo [name: default]
[37m2023-11-11T09:30:53.150+0530[0;39m [34mINFO [0;39m [[36mtraceId: [0;39m] [[36msourceIp: [0;39m] [[36muserId: [0;39m] [[32mrestartedMain[0;39m] [33mo.hibernate.Version[0;39m::[35m?[0;39m: - HHH000412: Hibernate ORM core version 5.6.15.Final
[37m2023-11-11T09:30:53.514+0530[0;39m [34mINFO [0;39m [[36mtraceId: [0;39m] [[36msourceIp: [0;39m] [[36muserId: [0;39m] [[32mrestartedMain[0;39m] [33mo.h.a.common.Version[0;39m::[35m?[0;39m: - HCANN000001: Hibernate Commons Annotations {5.1.2.Final}
[37m2023-11-11T09:30:53.686+0530[0;39m [39mDEBUG[0;39m [[36mtraceId: [0;39m] [[36msourceIp: [0;39m] [[36muserId: [0;39m] [[32mrestartedMain[0;39m] [33mc.z.h.HikariConfig[0;39m::[35m?[0;39m: - HikariPool-1 - configuration:
[37m2023-11-11T09:30:53.689+0530[0;39m [39mDEBUG[0;39m [[36mtraceId: [0;39m] [[36msourceIp: [0;39m] [[36muserId: [0;39m] [[32mrestartedMain[0;39m] [33mc.z.h.HikariConfig[0;39m::[35m?[0;39m: - allowPoolSuspension................................false
[37m2023-11-11T09:30:53.689+0530[0;39m [39mDEBUG[0;39m [[36mtraceId: [0;39m] [[36msourceIp: [0;39m] [[36muserId: [0;39m] [[32mrestartedMain[0;39m] [33mc.z.h.HikariConfig[0;39m::[35m?[0;39m: - autoCommit................................true
[37m2023-11-11T09:30:53.689+0530[0;39m [39mDEBUG[0;39m [[36mtraceId: [0;39m] [[36msourceIp: [0;39m] [[36muserId: [0;39m] [[32mrestartedMain[0;39m] [33mc.z.h.HikariConfig[0;39m::[35m?[0;39m: - catalog................................none
[37m2023-11-11T09:30:53.689+0530[0;39m [39mDEBUG[0;39m [[36mtraceId: [0;39m] [[36msourceIp: [0;39m] [[36muserId: [0;39m] [[32mrestartedMain[0;39m] [33mc.z.h.HikariConfig[0;39m::[35m?[0;39m: - connectionInitSql................................none
[37m2023-11-11T09:30:53.689+0530[0;39m [39mDEBUG[0;39m [[36mtraceId: [0;39m] [[36msourceIp: [0;39m] [[36muserId: [0;39m] [[32mrestartedMain[0;39m] [33mc.z.h.HikariConfig[0;39m::[35m?[0;39m: - connectionTestQuery................................none
[37m2023-11-11T09:30:53.689+0530[0;39m [39mDEBUG[0;39m [[36mtraceId: [0;39m] [[36msourceIp: [0;39m] [[36muserId: [0;39m] [[32mrestartedMain[0;39m] [33mc.z.h.HikariConfig[0;39m::[35m?[0;39m: - connectionTimeout................................30000
[37m2023-11-11T09:30:53.689+0530[0;39m [39mDEBUG[0;39m [[36mtraceId: [0;39m] [[36msourceIp: [0;39m] [[36muserId: [0;39m] [[32mrestartedMain[0;39m] [33mc.z.h.HikariConfig[0;39m::[35m?[0;39m: - dataSource................................none
[37m2023-11-11T09:30:53.689+0530[0;39m [39mDEBUG[0;39m [[36mtraceId: [0;39m] [[36msourceIp: [0;39m] [[36muserId: [0;39m] [[32mrestartedMain[0;39m] [33mc.z.h.HikariConfig[0;39m::[35m?[0;39m: - dataSourceClassName................................none
[37m2023-11-11T09:30:53.689+0530[0;39m [39mDEBUG[0;39m [[36mtraceId: [0;39m] [[36msourceIp: [0;39m] [[36muserId: [0;39m] [[32mrestartedMain[0;39m] [33mc.z.h.HikariConfig[0;39m::[35m?[0;39m: - dataSourceJNDI................................none
[37m2023-11-11T09:30:53.692+0530[0;39m [39mDEBUG[0;39m [[36mtraceId: [0;39m] [[36msourceIp: [0;39m] [[36muserId: [0;39m] [[32mrestartedMain[0;39m] [33mc.z.h.HikariConfig[0;39m::[35m?[0;39m: - dataSourceProperties................................{password=<masked>}
[37m2023-11-11T09:30:53.695+0530[0;39m [39mDEBUG[0;39m [[36mtraceId: [0;39m] [[36msourceIp: [0;39m] [[36muserId: [0;39m] [[32mrestartedMain[0;39m] [33mc.z.h.HikariConfig[0;39m::[35m?[0;39m: - driverClassName................................"com.mysql.cj.jdbc.Driver"
[37m2023-11-11T09:30:53.696+0530[0;39m [39mDEBUG[0;39m [[36mtraceId: [0;39m] [[36msourceIp: [0;39m] [[36muserId: [0;39m] [[32mrestartedMain[0;39m] [33mc.z.h.HikariConfig[0;39m::[35m?[0;39m: - exceptionOverrideClassName................................none
[37m2023-11-11T09:30:53.696+0530[0;39m [39mDEBUG[0;39m [[36mtraceId: [0;39m] [[36msourceIp: [0;39m] [[36muserId: [0;39m] [[32mrestartedMain[0;39m] [33mc.z.h.HikariConfig[0;39m::[35m?[0;39m: - healthCheckProperties................................{}
[37m2023-11-11T09:30:53.696+0530[0;39m [39mDEBUG[0;39m [[36mtraceId: [0;39m] [[36msourceIp: [0;39m] [[36muserId: [0;39m] [[32mrestartedMain[0;39m] [33mc.z.h.HikariConfig[0;39m::[35m?[0;39m: - healthCheckRegistry................................none
[37m2023-11-11T09:30:53.696+0530[0;39m [39mDEBUG[0;39m [[36mtraceId: [0;39m] [[36msourceIp: [0;39m] [[36muserId: [0;39m] [[32mrestartedMain[0;39m] [33mc.z.h.HikariConfig[0;39m::[35m?[0;39m: - idleTimeout................................600000
[37m2023-11-11T09:30:53.696+0530[0;39m [39mDEBUG[0;39m [[36mtraceId: [0;39m] [[36msourceIp: [0;39m] [[36muserId: [0;39m] [[32mrestartedMain[0;39m] [33mc.z.h.HikariConfig[0;39m::[35m?[0;39m: - initializationFailTimeout................................1
[37m2023-11-11T09:30:53.696+0530[0;39m [39mDEBUG[0;39m [[36mtraceId: [0;39m] [[36msourceIp: [0;39m] [[36muserId: [0;39m] [[32mrestartedMain[0;39m] [33mc.z.h.HikariConfig[0;39m::[35m?[0;39m: - isolateInternalQueries................................false
[37m2023-11-11T09:30:53.696+0530[0;39m [39mDEBUG[0;39m [[36mtraceId: [0;39m] [[36msourceIp: [0;39m] [[36muserId: [0;39m] [[32mrestartedMain[0;39m] [33mc.z.h.HikariConfig[0;39m::[35m?[0;39m: - jdbcUrl................................jdbc:mysql://localhost:3306/electronic_store
[37m2023-11-11T09:30:53.696+0530[0;39m [39mDEBUG[0;39m [[36mtraceId: [0;39m] [[36msourceIp: [0;39m] [[36muserId: [0;39m] [[32mrestartedMain[0;39m] [33mc.z.h.HikariConfig[0;39m::[35m?[0;39m: - keepaliveTime................................0
[37m2023-11-11T09:30:53.696+0530[0;39m [39mDEBUG[0;39m [[36mtraceId: [0;39m] [[36msourceIp: [0;39m] [[36muserId: [0;39m] [[32mrestartedMain[0;39m] [33mc.z.h.HikariConfig[0;39m::[35m?[0;39m: - leakDetectionThreshold................................0
[37m2023-11-11T09:30:53.696+0530[0;39m [39mDEBUG[0;39m [[36mtraceId: [0;39m] [[36msourceIp: [0;39m] [[36muserId: [0;39m] [[32mrestartedMain[0;39m] [33mc.z.h.HikariConfig[0;39m::[35m?[0;39m: - maxLifetime................................1800000
[37m2023-11-11T09:30:53.696+0530[0;39m [39mDEBUG[0;39m [[36mtraceId: [0;39m] [[36msourceIp: [0;39m] [[36muserId: [0;39m] [[32mrestartedMain[0;39m] [33mc.z.h.HikariConfig[0;39m::[35m?[0;39m: - maximumPoolSize................................10
[37m2023-11-11T09:30:53.696+0530[0;39m [39mDEBUG[0;39m [[36mtraceId: [0;39m] [[36msourceIp: [0;39m] [[36muserId: [0;39m] [[32mrestartedMain[0;39m] [33mc.z.h.HikariConfig[0;39m::[35m?[0;39m: - metricRegistry................................none
[37m2023-11-11T09:30:53.696+0530[0;39m [39mDEBUG[0;39m [[36mtraceId: [0;39m] [[36msourceIp: [0;39m] [[36muserId: [0;39m] [[32mrestartedMain[0;39m] [33mc.z.h.HikariConfig[0;39m::[35m?[0;39m: - metricsTrackerFactory................................none
[37m2023-11-11T09:30:53.696+0530[0;39m [39mDEBUG[0;39m [[36mtraceId: [0;39m] [[36msourceIp: [0;39m] [[36muserId: [0;39m] [[32mrestartedMain[0;39m] [33mc.z.h.HikariConfig[0;39m::[35m?[0;39m: - minimumIdle................................10
[37m2023-11-11T09:30:53.696+0530[0;39m [39mDEBUG[0;39m [[36mtraceId: [0;39m] [[36msourceIp: [0;39m] [[36muserId: [0;39m] [[32mrestartedMain[0;39m] [33mc.z.h.HikariConfig[0;39m::[35m?[0;39m: - password................................<masked>
[37m2023-11-11T09:30:53.697+0530[0;39m [39mDEBUG[0;39m [[36mtraceId: [0;39m] [[36msourceIp: [0;39m] [[36muserId: [0;39m] [[32mrestartedMain[0;39m] [33mc.z.h.HikariConfig[0;39m::[35m?[0;39m: - poolName................................"HikariPool-1"
[37m2023-11-11T09:30:53.698+0530[0;39m [39mDEBUG[0;39m [[36mtraceId: [0;39m] [[36msourceIp: [0;39m] [[36muserId: [0;39m] [[32mrestartedMain[0;39m] [33mc.z.h.HikariConfig[0;39m::[35m?[0;39m: - readOnly................................false
[37m2023-11-11T09:30:53.698+0530[0;39m [39mDEBUG[0;39m [[36mtraceId: [0;39m] [[36msourceIp: [0;39m] [[36muserId: [0;39m] [[32mrestartedMain[0;39m] [33mc.z.h.HikariConfig[0;39m::[35m?[0;39m: - registerMbeans................................false
[37m2023-11-11T09:30:53.698+0530[0;39m [39mDEBUG[0;39m [[36mtraceId: [0;39m] [[36msourceIp: [0;39m] [[36muserId: [0;39m] [[32mrestartedMain[0;39m] [33mc.z.h.HikariConfig[0;39m::[35m?[0;39m: - scheduledExecutor................................none
[37m2023-11-11T09:30:53.698+0530[0;39m [39mDEBUG[0;39m [[36mtraceId: [0;39m] [[36msourceIp: [0;39m] [[36muserId: [0;39m] [[32mrestartedMain[0;39m] [33mc.z.h.HikariConfig[0;39m::[35m?[0;39m: - schema................................none
[37m2023-11-11T09:30:53.698+0530[0;39m [39mDEBUG[0;39m [[36mtraceId: [0;39m] [[36msourceIp: [0;39m] [[36muserId: [0;39m] [[32mrestartedMain[0;39m] [33mc.z.h.HikariConfig[0;39m::[35m?[0;39m: - threadFactory................................internal
[37m2023-11-11T09:30:53.699+0530[0;39m [39mDEBUG[0;39m [[36mtraceId: [0;39m] [[36msourceIp: [0;39m] [[36muserId: [0;39m] [[32mrestartedMain[0;39m] [33mc.z.h.HikariConfig[0;39m::[35m?[0;39m: - transactionIsolation................................default
[37m2023-11-11T09:30:53.699+0530[0;39m [39mDEBUG[0;39m [[36mtraceId: [0;39m] [[36msourceIp: [0;39m] [[36muserId: [0;39m] [[32mrestartedMain[0;39m] [33mc.z.h.HikariConfig[0;39m::[35m?[0;39m: - username................................"root"
[37m2023-11-11T09:30:53.699+0530[0;39m [39mDEBUG[0;39m [[36mtraceId: [0;39m] [[36msourceIp: [0;39m] [[36muserId: [0;39m] [[32mrestartedMain[0;39m] [33mc.z.h.HikariConfig[0;39m::[35m?[0;39m: - validationTimeout................................5000
[37m2023-11-11T09:30:53.701+0530[0;39m [34mINFO [0;39m [[36mtraceId: [0;39m] [[36msourceIp: [0;39m] [[36muserId: [0;39m] [[32mrestartedMain[0;39m] [33mc.z.h.HikariDataSource[0;39m::[35m?[0;39m: - HikariPool-1 - Starting...
[37m2023-11-11T09:30:54.446+0530[0;39m [39mDEBUG[0;39m [[36mtraceId: [0;39m] [[36msourceIp: [0;39m] [[36muserId: [0;39m] [[32mrestartedMain[0;39m] [33mc.z.h.p.HikariPool[0;39m::[35m?[0;39m: - HikariPool-1 - Added connection com.mysql.cj.jdbc.ConnectionImpl@2f01b792
[37m2023-11-11T09:30:54.448+0530[0;39m [34mINFO [0;39m [[36mtraceId: [0;39m] [[36msourceIp: [0;39m] [[36muserId: [0;39m] [[32mrestartedMain[0;39m] [33mc.z.h.HikariDataSource[0;39m::[35m?[0;39m: - HikariPool-1 - Start completed.
[37m2023-11-11T09:30:54.470+0530[0;39m [34mINFO [0;39m [[36mtraceId: [0;39m] [[36msourceIp: [0;39m] [[36muserId: [0;39m] [[32mrestartedMain[0;39m] [33mo.h.dialect.Dialect[0;39m::[35m?[0;39m: - HHH000400: Using dialect: org.hibernate.dialect.MySQL8Dialect
[37m2023-11-11T09:30:54.564+0530[0;39m [39mDEBUG[0;39m [[36mtraceId: [0;39m] [[36msourceIp: [0;39m] [[36muserId: [0;39m] [[32mHikariPool-1 housekeeper[0;39m] [33mc.z.h.p.HikariPool[0;39m::[35m?[0;39m: - HikariPool-1 - Pool stats (total=1, active=0, idle=1, waiting=0)
[37m2023-11-11T09:30:54.669+0530[0;39m [39mDEBUG[0;39m [[36mtraceId: [0;39m] [[36msourceIp: [0;39m] [[36muserId: [0;39m] [[32mHikariPool-1 connection adder[0;39m] [33mc.z.h.p.HikariPool[0;39m::[35m?[0;39m: - HikariPool-1 - Added connection com.mysql.cj.jdbc.ConnectionImpl@5d03d280
[37m2023-11-11T09:30:54.725+0530[0;39m [39mDEBUG[0;39m [[36mtraceId: [0;39m] [[36msourceIp: [0;39m] [[36muserId: [0;39m] [[32mHikariPool-1 connection adder[0;39m] [33mc.z.h.p.HikariPool[0;39m::[35m?[0;39m: - HikariPool-1 - Added connection com.mysql.cj.jdbc.ConnectionImpl@3d2c2dcf
[37m2023-11-11T09:30:54.763+0530[0;39m [39mDEBUG[0;39m [[36mtraceId: [0;39m] [[36msourceIp: [0;39m] [[36muserId: [0;39m] [[32mHikariPool-1 connection adder[0;39m] [33mc.z.h.p.HikariPool[0;39m::[35m?[0;39m: - HikariPool-1 - Added connection com.mysql.cj.jdbc.ConnectionImpl@588341c2
[37m2023-11-11T09:30:54.794+0530[0;39m [39mDEBUG[0;39m [[36mtraceId: [0;39m] [[36msourceIp: [0;39m] [[36muserId: [0;39m] [[32mHikariPool-1 connection adder[0;39m] [33mc.z.h.p.HikariPool[0;39m::[35m?[0;39m: - HikariPool-1 - Added connection com.mysql.cj.jdbc.ConnectionImpl@39627452
[37m2023-11-11T09:30:54.835+0530[0;39m [39mDEBUG[0;39m [[36mtraceId: [0;39m] [[36msourceIp: [0;39m] [[36muserId: [0;39m] [[32mHikariPool-1 connection adder[0;39m] [33mc.z.h.p.HikariPool[0;39m::[35m?[0;39m: - HikariPool-1 - Added connection com.mysql.cj.jdbc.ConnectionImpl@795f362b
[37m2023-11-11T09:30:54.966+0530[0;39m [39mDEBUG[0;39m [[36mtraceId: [0;39m] [[36msourceIp: [0;39m] [[36muserId: [0;39m] [[32mHikariPool-1 connection adder[0;39m] [33mc.z.h.p.HikariPool[0;39m::[35m?[0;39m: - HikariPool-1 - Added connection com.mysql.cj.jdbc.ConnectionImpl@55b4d26d
[37m2023-11-11T09:30:55.106+0530[0;39m [39mDEBUG[0;39m [[36mtraceId: [0;39m] [[36msourceIp: [0;39m] [[36muserId: [0;39m] [[32mHikariPool-1 connection adder[0;39m] [33mc.z.h.p.HikariPool[0;39m::[35m?[0;39m: - HikariPool-1 - Added connection com.mysql.cj.jdbc.ConnectionImpl@69188647
[37m2023-11-11T09:30:55.342+0530[0;39m [39mDEBUG[0;39m [[36mtraceId: [0;39m] [[36msourceIp: [0;39m] [[36muserId: [0;39m] [[32mHikariPool-1 connection adder[0;39m] [33mc.z.h.p.HikariPool[0;39m::[35m?[0;39m: - HikariPool-1 - Added connection com.mysql.cj.jdbc.ConnectionImpl@12d3e45a
[37m2023-11-11T09:30:55.412+0530[0;39m [39mDEBUG[0;39m [[36mtraceId: [0;39m] [[36msourceIp: [0;39m] [[36muserId: [0;39m] [[32mHikariPool-1 connection adder[0;39m] [33mc.z.h.p.HikariPool[0;39m::[35m?[0;39m: - HikariPool-1 - Added connection com.mysql.cj.jdbc.ConnectionImpl@66a2afca
[37m2023-11-11T09:30:55.412+0530[0;39m [39mDEBUG[0;39m [[36mtraceId: [0;39m] [[36msourceIp: [0;39m] [[36muserId: [0;39m] [[32mHikariPool-1 connection adder[0;39m] [33mc.z.h.p.HikariPool[0;39m::[35m?[0;39m: - HikariPool-1 - After adding stats (total=10, active=0, idle=10, waiting=0)
[37m2023-11-11T09:30:55.986+0530[0;39m [34mINFO [0;39m [[36mtraceId: [0;39m] [[36msourceIp: [0;39m] [[36muserId: [0;39m] [[32mrestartedMain[0;39m] [33mo.h.e.t.j.p.i.JtaPlatformInitiator[0;39m::[35m?[0;39m: - HHH000490: Using JtaPlatform implementation: [org.hibernate.engine.transaction.jta.platform.internal.NoJtaPlatform]
[37m2023-11-11T09:30:55.996+0530[0;39m [34mINFO [0;39m [[36mtraceId: [0;39m] [[36msourceIp: [0;39m] [[36muserId: [0;39m] [[32mrestartedMain[0;39m] [33mo.s.o.j.LocalContainerEntityManagerFactoryBean[0;39m::[35m?[0;39m: - Initialized JPA EntityManagerFactory for persistence unit 'default'
[37m2023-11-11T09:30:56.723+0530[0;39m [31mWARN [0;39m [[36mtraceId: [0;39m] [[36msourceIp: [0;39m] [[36muserId: [0;39m] [[32mrestartedMain[0;39m] [33mo.s.b.a.o.j.JpaBaseConfiguration$JpaWebConfiguration[0;39m::[35m?[0;39m: - spring.jpa.open-in-view is enabled by default. Therefore, database queries may be performed during view rendering. Explicitly configure spring.jpa.open-in-view to disable this warning
[37m2023-11-11T09:30:57.366+0530[0;39m [34mINFO [0;39m [[36mtraceId: [0;39m] [[36msourceIp: [0;39m] [[36muserId: [0;39m] [[32mrestartedMain[0;39m] [33mo.s.b.d.a.OptionalLiveReloadServer[0;39m::[35m?[0;39m: - LiveReload server is running on port 35729
[37m2023-11-11T09:30:57.407+0530[0;39m [34mINFO [0;39m [[36mtraceId: [0;39m] [[36msourceIp: [0;39m] [[36muserId: [0;39m] [[32mrestartedMain[0;39m] [33mo.a.c.h.Http11NioProtocol[0;39m::[35m?[0;39m: - Starting ProtocolHandler ["http-nio-9090"]
[37m2023-11-11T09:30:57.463+0530[0;39m [34mINFO [0;39m [[36mtraceId: [0;39m] [[36msourceIp: [0;39m] [[36muserId: [0;39m] [[32mrestartedMain[0;39m] [33mo.s.b.w.e.t.TomcatWebServer[0;39m::[35m?[0;39m: - Tomcat started on port(s): 9090 (http) with context path ''
[37m2023-11-11T09:30:57.482+0530[0;39m [34mINFO [0;39m [[36mtraceId: [0;39m] [[36msourceIp: [0;39m] [[36muserId: [0;39m] [[32mrestartedMain[0;39m] [33mc.l.e.s.E.ElectronicStoreApplication[0;39m::[35m?[0;39m: - Started ElectronicStoreApplication in 8.224 seconds (JVM running for 9.694)
[37m2023-11-11T09:31:24.573+0530[0;39m [39mDEBUG[0;39m [[36mtraceId: [0;39m] [[36msourceIp: [0;39m] [[36muserId: [0;39m] [[32mHikariPool-1 housekeeper[0;39m] [33mc.z.h.p.HikariPool[0;39m::[35m?[0;39m: - HikariPool-1 - Pool stats (total=10, active=0, idle=10, waiting=0)
[37m2023-11-11T09:31:24.575+0530[0;39m [39mDEBUG[0;39m [[36mtraceId: [0;39m] [[36msourceIp: [0;39m] [[36muserId: [0;39m] [[32mHikariPool-1 housekeeper[0;39m] [33mc.z.h.p.HikariPool[0;39m::[35m?[0;39m: - HikariPool-1 - Fill pool skipped, pool is at sufficient level.
[37m2023-11-11T09:31:54.580+0530[0;39m [39mDEBUG[0;39m [[36mtraceId: [0;39m] [[36msourceIp: [0;39m] [[36muserId: [0;39m] [[32mHikariPool-1 housekeeper[0;39m] [33mc.z.h.p.HikariPool[0;39m::[35m?[0;39m: - HikariPool-1 - Pool stats (total=10, active=0, idle=10, waiting=0)
[37m2023-11-11T09:31:54.580+0530[0;39m [39mDEBUG[0;39m [[36mtraceId: [0;39m] [[36msourceIp: [0;39m] [[36muserId: [0;39m] [[32mHikariPool-1 housekeeper[0;39m] [33mc.z.h.p.HikariPool[0;39m::[35m?[0;39m: - HikariPool-1 - Fill pool skipped, pool is at sufficient level.
[37m2023-11-11T09:32:24.590+0530[0;39m [39mDEBUG[0;39m [[36mtraceId: [0;39m] [[36msourceIp: [0;39m] [[36muserId: [0;39m] [[32mHikariPool-1 housekeeper[0;39m] [33mc.z.h.p.HikariPool[0;39m::[35m?[0;39m: - HikariPool-1 - Pool stats (total=10, active=0, idle=10, waiting=0)
[37m2023-11-11T09:32:24.591+0530[0;39m [39mDEBUG[0;39m [[36mtraceId: [0;39m] [[36msourceIp: [0;39m] [[36muserId: [0;39m] [[32mHikariPool-1 housekeeper[0;39m] [33mc.z.h.p.HikariPool[0;39m::[35m?[0;39m: - HikariPool-1 - Fill pool skipped, pool is at sufficient level.
[37m2023-11-11T09:32:54.607+0530[0;39m [39mDEBUG[0;39m [[36mtraceId: [0;39m] [[36msourceIp: [0;39m] [[36muserId: [0;39m] [[32mHikariPool-1 housekeeper[0;39m] [33mc.z.h.p.HikariPool[0;39m::[35m?[0;39m: - HikariPool-1 - Pool stats (total=10, active=0, idle=10, waiting=0)
[37m2023-11-11T09:32:54.607+0530[0;39m [39mDEBUG[0;39m [[36mtraceId: [0;39m] [[36msourceIp: [0;39m] [[36muserId: [0;39m] [[32mHikariPool-1 housekeeper[0;39m] [33mc.z.h.p.HikariPool[0;39m::[35m?[0;39m: - HikariPool-1 - Fill pool skipped, pool is at sufficient level.
[37m2023-11-11T09:33:14.457+0530[0;39m [34mINFO [0;39m [[36mtraceId: [0;39m] [[36msourceIp: [0;39m] [[36muserId: [0;39m] [[32mhttp-nio-9090-exec-2[0;39m] [33mo.a.c.c.C.[.[.[/][0;39m::[35m?[0;39m: - Initializing Spring DispatcherServlet 'dispatcherServlet'
[37m2023-11-11T09:33:14.457+0530[0;39m [34mINFO [0;39m [[36mtraceId: [0;39m] [[36msourceIp: [0;39m] [[36muserId: [0;39m] [[32mhttp-nio-9090-exec-2[0;39m] [33mo.s.w.s.DispatcherServlet[0;39m::[35m?[0;39m: - Initializing Servlet 'dispatcherServlet'
[37m2023-11-11T09:33:14.458+0530[0;39m [34mINFO [0;39m [[36mtraceId: [0;39m] [[36msourceIp: [0;39m] [[36muserId: [0;39m] [[32mhttp-nio-9090-exec-2[0;39m] [33mo.s.w.s.DispatcherServlet[0;39m::[35m?[0;39m: - Completed initialization in 1 ms
[37m2023-11-11T09:33:14.775+0530[0;39m [34mINFO [0;39m [[36mtraceId: [0;39m] [[36msourceIp: [0;39m] [[36muserId: [0;39m] [[32mhttp-nio-9090-exec-2[0;39m] [33mc.l.e.s.E.c.UserController[0;39m::[35m?[0;39m: - Entering Request For Save User Data
[37m2023-11-11T09:33:14.775+0530[0;39m [34mINFO [0;39m [[36mtraceId: [0;39m] [[36msourceIp: [0;39m] [[36muserId: [0;39m] [[32mhttp-nio-9090-exec-2[0;39m] [33mc.l.e.s.E.s.i.UserServiceImpl[0;39m::[35m?[0;39m: - Initiating Dao Call For Save User Data
[37m2023-11-11T09:33:14.963+0530[0;39m [34mINFO [0;39m [[36mtraceId: [0;39m] [[36msourceIp: [0;39m] [[36muserId: [0;39m] [[32mhttp-nio-9090-exec-2[0;39m] [33mc.l.e.s.E.s.i.UserServiceImpl[0;39m::[35m?[0;39m: - Completed Dao Call For Save User Data
[37m2023-11-11T09:33:14.966+0530[0;39m [34mINFO [0;39m [[36mtraceId: [0;39m] [[36msourceIp: [0;39m] [[36muserId: [0;39m] [[32mhttp-nio-9090-exec-2[0;39m] [33mc.l.e.s.E.c.UserController[0;39m::[35m?[0;39m: - Completed Request For Save User Data
[37m2023-11-11T09:33:24.616+0530[0;39m [39mDEBUG[0;39m [[36mtraceId: [0;39m] [[36msourceIp: [0;39m] [[36muserId: [0;39m] [[32mHikariPool-1 housekeeper[0;39m] [33mc.z.h.p.HikariPool[0;39m::[35m?[0;39m: - HikariPool-1 - Pool stats (total=10, active=0, idle=10, waiting=0)
[37m2023-11-11T09:33:24.617+0530[0;39m [39mDEBUG[0;39m [[36mtraceId: [0;39m] [[36msourceIp: [0;39m] [[36muserId: [0;39m] [[32mHikariPool-1 housekeeper[0;39m] [33mc.z.h.p.HikariPool[0;39m::[35m?[0;39m: - HikariPool-1 - Fill pool skipped, pool is at sufficient level.
[37m2023-11-11T09:33:54.623+0530[0;39m [39mDEBUG[0;39m [[36mtraceId: [0;39m] [[36msourceIp: [0;39m] [[36muserId: [0;39m] [[32mHikariPool-1 housekeeper[0;39m] [33mc.z.h.p.HikariPool[0;39m::[35m?[0;39m: - HikariPool-1 - Pool stats (total=10, active=0, idle=10, waiting=0)
[37m2023-11-11T09:33:54.623+0530[0;39m [39mDEBUG[0;39m [[36mtraceId: [0;39m] [[36msourceIp: [0;39m] [[36muserId: [0;39m] [[32mHikariPool-1 housekeeper[0;39m] [33mc.z.h.p.HikariPool[0;39m::[35m?[0;39m: - HikariPool-1 - Fill pool skipped, pool is at sufficient level.
[37m2023-11-11T09:34:09.258+0530[0;39m [34mINFO [0;39m [[36mtraceId: [0;39m] [[36msourceIp: [0;39m] [[36muserId: [0;39m] [[32mSpringApplicationShutdownHook[0;39m] [33mo.s.o.j.LocalContainerEntityManagerFactoryBean[0;39m::[35m?[0;39m: - Closing JPA EntityManagerFactory for persistence unit 'default'
[37m2023-11-11T09:34:09.261+0530[0;39m [34mINFO [0;39m [[36mtraceId: [0;39m] [[36msourceIp: [0;39m] [[36muserId: [0;39m] [[32mSpringApplicationShutdownHook[0;39m] [33mc.z.h.HikariDataSource[0;39m::[35m?[0;39m: - HikariPool-1 - Shutdown initiated...
[37m2023-11-11T09:34:09.261+0530[0;39m [39mDEBUG[0;39m [[36mtraceId: [0;39m] [[36msourceIp: [0;39m] [[36muserId: [0;39m] [[32mSpringApplicationShutdownHook[0;39m] [33mc.z.h.p.HikariPool[0;39m::[35m?[0;39m: - HikariPool-1 - Before shutdown stats (total=10, active=0, idle=10, waiting=0)
[37m2023-11-11T09:34:09.263+0530[0;39m [39mDEBUG[0;39m [[36mtraceId: [0;39m] [[36msourceIp: [0;39m] [[36muserId: [0;39m] [[32mHikariPool-1 connection closer[0;39m] [33mc.z.h.pool.PoolBase[0;39m::[35m?[0;39m: - HikariPool-1 - Closing connection com.mysql.cj.jdbc.ConnectionImpl@2f01b792: (connection evicted)
[37m2023-11-11T09:34:09.267+0530[0;39m [39mDEBUG[0;39m [[36mtraceId: [0;39m] [[36msourceIp: [0;39m] [[36muserId: [0;39m] [[32mHikariPool-1 connection closer[0;39m] [33mc.z.h.pool.PoolBase[0;39m::[35m?[0;39m: - HikariPool-1 - Closing connection com.mysql.cj.jdbc.ConnectionImpl@5d03d280: (connection evicted)
[37m2023-11-11T09:34:09.268+0530[0;39m [39mDEBUG[0;39m [[36mtraceId: [0;39m] [[36msourceIp: [0;39m] [[36muserId: [0;39m] [[32mHikariPool-1 connection closer[0;39m] [33mc.z.h.pool.PoolBase[0;39m::[35m?[0;39m: - HikariPool-1 - Closing connection com.mysql.cj.jdbc.ConnectionImpl@3d2c2dcf: (connection evicted)
[37m2023-11-11T09:34:09.269+0530[0;39m [39mDEBUG[0;39m [[36mtraceId: [0;39m] [[36msourceIp: [0;39m] [[36muserId: [0;39m] [[32mHikariPool-1 connection closer[0;39m] [33mc.z.h.pool.PoolBase[0;39m::[35m?[0;39m: - HikariPool-1 - Closing connection com.mysql.cj.jdbc.ConnectionImpl@588341c2: (connection evicted)
[37m2023-11-11T09:34:09.269+0530[0;39m [39mDEBUG[0;39m [[36mtraceId: [0;39m] [[36msourceIp: [0;39m] [[36muserId: [0;39m] [[32mHikariPool-1 connection closer[0;39m] [33mc.z.h.pool.PoolBase[0;39m::[35m?[0;39m: - HikariPool-1 - Closing connection com.mysql.cj.jdbc.ConnectionImpl@39627452: (connection evicted)
[37m2023-11-11T09:34:09.270+0530[0;39m [39mDEBUG[0;39m [[36mtraceId: [0;39m] [[36msourceIp: [0;39m] [[36muserId: [0;39m] [[32mHikariPool-1 connection closer[0;39m] [33mc.z.h.pool.PoolBase[0;39m::[35m?[0;39m: - HikariPool-1 - Closing connection com.mysql.cj.jdbc.ConnectionImpl@795f362b: (connection evicted)
[37m2023-11-11T09:34:09.270+0530[0;39m [39mDEBUG[0;39m [[36mtraceId: [0;39m] [[36msourceIp: [0;39m] [[36muserId: [0;39m] [[32mHikariPool-1 connection closer[0;39m] [33mc.z.h.pool.PoolBase[0;39m::[35m?[0;39m: - HikariPool-1 - Closing connection com.mysql.cj.jdbc.ConnectionImpl@55b4d26d: (connection evicted)
[37m2023-11-11T09:34:09.271+0530[0;39m [39mDEBUG[0;39m [[36mtraceId: [0;39m] [[36msourceIp: [0;39m] [[36muserId: [0;39m] [[32mHikariPool-1 connection closer[0;39m] [33mc.z.h.pool.PoolBase[0;39m::[35m?[0;39m: - HikariPool-1 - Closing connection com.mysql.cj.jdbc.ConnectionImpl@69188647: (connection evicted)
[37m2023-11-11T09:34:09.271+0530[0;39m [39mDEBUG[0;39m [[36mtraceId: [0;39m] [[36msourceIp: [0;39m] [[36muserId: [0;39m] [[32mHikariPool-1 connection closer[0;39m] [33mc.z.h.pool.PoolBase[0;39m::[35m?[0;39m: - HikariPool-1 - Closing connection com.mysql.cj.jdbc.ConnectionImpl@12d3e45a: (connection evicted)
[37m2023-11-11T09:34:09.271+0530[0;39m [39mDEBUG[0;39m [[36mtraceId: [0;39m] [[36msourceIp: [0;39m] [[36muserId: [0;39m] [[32mHikariPool-1 connection closer[0;39m] [33mc.z.h.pool.PoolBase[0;39m::[35m?[0;39m: - HikariPool-1 - Closing connection com.mysql.cj.jdbc.ConnectionImpl@66a2afca: (connection evicted)
[37m2023-11-11T09:34:09.272+0530[0;39m [39mDEBUG[0;39m [[36mtraceId: [0;39m] [[36msourceIp: [0;39m] [[36muserId: [0;39m] [[32mSpringApplicationShutdownHook[0;39m] [33mc.z.h.p.HikariPool[0;39m::[35m?[0;39m: - HikariPool-1 - After shutdown stats (total=0, active=0, idle=0, waiting=0)
[37m2023-11-11T09:34:09.272+0530[0;39m [34mINFO [0;39m [[36mtraceId: [0;39m] [[36msourceIp: [0;39m] [[36muserId: [0;39m] [[32mSpringApplicationShutdownHook[0;39m] [33mc.z.h.HikariDataSource[0;39m::[35m?[0;39m: - HikariPool-1 - Shutdown completed.
